#
# There is insufficient memory for the Java Runtime Environment to continue.
# Native memory allocation (mmap) failed to map 37748736 bytes for G1 virtual space
# Possible reasons:
#   The system is out of physical RAM or swap space
#   The process is running with CompressedOops enabled, and the Java Heap may be blocking the growth of the native heap
# Possible solutions:
#   Reduce memory load on the system
#   Increase physical memory or swap space
#   Check if swap backing store is full
#   Decrease Java heap size (-Xmx/-Xms)
#   Decrease number of Java threads
#   Decrease Java thread stack sizes (-Xss)
#   Set larger code cache with -XX:ReservedCodeCacheSize=
#   JVM is running with Unscaled Compressed Oops mode in which the Java heap is
#     placed in the first 4GB address space. The Java Heap base address is the
#     maximum limit for the native heap growth. Please use -XX:HeapBaseMinAddress
#     to set the Java Heap base and to place the Java Heap above 4GB virtual address.
# This output file may be truncated or incomplete.
#
#  Out of Memory Error (os_windows.cpp:3536), pid=6312, tid=1860
#
# JRE version: Java(TM) SE Runtime Environment (19.0.2+7) (build 19.0.2+7-44)
# Java VM: Java HotSpot(TM) 64-Bit Server VM (19.0.2+7-44, mixed mode, emulated-client, sharing, tiered, compressed oops, compressed class ptrs, g1 gc, windows-amd64)
# No core dump will be written. Minidumps are not enabled by default on client versions of Windows
#

---------------  S U M M A R Y ------------

Command Line: -XX:TieredStopAtLevel=1 -Dspring.output.ansi.enabled=always -Dcom.sun.management.jmxremote -Dspring.jmx.enabled=true -Dspring.liveBeansView.mbeanDomain -Dspring.application.admin.enabled=true -Dmanagement.endpoints.jmx.exposure.include=* -javaagent:C:\Program Files\JetBrains\IntelliJ IDEA 2024.3.2\lib\idea_rt.jar=11972:C:\Program Files\JetBrains\IntelliJ IDEA 2024.3.2\bin -Dfile.encoding=UTF-8 -Dsun.stdout.encoding=UTF-8 -Dsun.stderr.encoding=UTF-8 org.example.securtiy_role_and_jwt_1.SecurtiyRoleAndJwt1Application

Host: Intel(R) Core(TM) i5-7200U CPU @ 2.50GHz, 4 cores, 7G,  Windows 10 , 64 bit Build 19041 (10.0.19041.5438)
Time: Thu Mar 20 17:40:15 2025 India Standard Time elapsed time: 38.696481 seconds (0d 0h 0m 38s)

---------------  T H R E A D  ---------------

Current thread (0x0000021dff7d81e0):  VMThread "VM Thread" [stack: 0x000000f13d700000,0x000000f13d800000] [id=1860]

Stack: [0x000000f13d700000,0x000000f13d800000]
Native frames: (J=compiled Java code, j=interpreted, Vv=VM code, C=native code)
V  [jvm.dll+0x6ee21a]
V  [jvm.dll+0x85765e]
V  [jvm.dll+0x85904e]
V  [jvm.dll+0x859703]
V  [jvm.dll+0x28298f]
V  [jvm.dll+0x6eb009]
V  [jvm.dll+0x6dfbaa]
V  [jvm.dll+0x3573f6]
V  [jvm.dll+0x35ee56]
V  [jvm.dll+0x3b541e]
V  [jvm.dll+0x3b564f]
V  [jvm.dll+0x32c9ea]
V  [jvm.dll+0x32ca97]
V  [jvm.dll+0x374cd2]
V  [jvm.dll+0x37340f]
V  [jvm.dll+0x32c210]
V  [jvm.dll+0x3729ab]
V  [jvm.dll+0x85ebc3]
V  [jvm.dll+0x85f989]
V  [jvm.dll+0x85febd]
V  [jvm.dll+0x86034b]
V  [jvm.dll+0x860407]
V  [jvm.dll+0x80125a]
V  [jvm.dll+0x6ecf0b]
C  [ucrtbase.dll+0x21bb2]
C  [KERNEL32.DLL+0x17374]
C  [ntdll.dll+0x4cc91]

VM_Operation (0x000000f13f7f9780): G1CollectForAllocation, mode: safepoint, requested by thread 0x0000021d930ae7b0


---------------  P R O C E S S  ---------------

Threads class SMR info:
_java_thread_list=0x0000021d94a36150, length=34, elements={
0x0000021dff7f36d0, 0x0000021dff7f4660, 0x0000021dff7f9e50, 0x0000021dff7fabe0,
0x0000021dff7fbcb0, 0x0000021dff7fc5e0, 0x0000021dff7fef10, 0x0000021dff810ef0,
0x0000021dff7c7840, 0x0000021d923fcaa0, 0x0000021d923fd7f0, 0x0000021d92648940,
0x0000021d92693910, 0x0000021d926bbae0, 0x0000021d926c8fa0, 0x0000021d92b13440,
0x0000021d930ab290, 0x0000021d930ae260, 0x0000021d930ab7e0, 0x0000021d930aa7f0,
0x0000021d930acd20, 0x0000021d930add10, 0x0000021d930af7a0, 0x0000021d930ae7b0,
0x0000021d930ad270, 0x0000021d930b0240, 0x0000021d930aed00, 0x0000021d930ac7d0,
0x0000021d930afcf0, 0x0000021d930ac280, 0x0000021d930b0790, 0x0000021d930b0ce0,
0x0000021d930b1230, 0x0000021d930a9800
}

Java Threads: ( => current thread )
  0x0000021dff7f36d0 JavaThread "Reference Handler" daemon [_thread_blocked, id=12936, stack(0x000000f13d800000,0x000000f13d900000)]
  0x0000021dff7f4660 JavaThread "Finalizer" daemon [_thread_blocked, id=10972, stack(0x000000f13d900000,0x000000f13da00000)]
  0x0000021dff7f9e50 JavaThread "Signal Dispatcher" daemon [_thread_blocked, id=9860, stack(0x000000f13da00000,0x000000f13db00000)]
  0x0000021dff7fabe0 JavaThread "Attach Listener" daemon [_thread_blocked, id=3136, stack(0x000000f13db00000,0x000000f13dc00000)]
  0x0000021dff7fbcb0 JavaThread "Service Thread" daemon [_thread_blocked, id=3868, stack(0x000000f13dc00000,0x000000f13dd00000)]
  0x0000021dff7fc5e0 JavaThread "Monitor Deflation Thread" daemon [_thread_blocked, id=10116, stack(0x000000f13dd00000,0x000000f13de00000)]
  0x0000021dff7fef10 JavaThread "C1 CompilerThread0" daemon [_thread_blocked, id=7712, stack(0x000000f13de00000,0x000000f13df00000)]
  0x0000021dff810ef0 JavaThread "Sweeper thread" daemon [_thread_blocked, id=9544, stack(0x000000f13df00000,0x000000f13e000000)]
  0x0000021dff7c7840 JavaThread "Common-Cleaner" daemon [_thread_blocked, id=13108, stack(0x000000f13e000000,0x000000f13e100000)]
  0x0000021d923fcaa0 JavaThread "Monitor Ctrl-Break" daemon [_thread_in_native, id=11000, stack(0x000000f13e300000,0x000000f13e400000)]
  0x0000021d923fd7f0 JavaThread "Notification Thread" daemon [_thread_blocked, id=2036, stack(0x000000f13e400000,0x000000f13e500000)]
  0x0000021d92648940 JavaThread "RMI TCP Accept-0" daemon [_thread_in_native, id=4348, stack(0x000000f13e800000,0x000000f13e900000)]
  0x0000021d92693910 JavaThread "RMI TCP Connection(idle)" daemon [_thread_blocked, id=11536, stack(0x000000f13e900000,0x000000f13ea00000)]
  0x0000021d926bbae0 JavaThread "RMI Scheduler(0)" daemon [_thread_blocked, id=4448, stack(0x000000f13eb00000,0x000000f13ec00000)]
  0x0000021d926c8fa0 JavaThread "JMX server connection timeout 29" daemon [_thread_blocked, id=10952, stack(0x000000f13ec00000,0x000000f13ed00000)]
  0x0000021d92b13440 JavaThread "RMI TCP Connection(2)-192.168.160.1" daemon [_thread_in_native, id=10104, stack(0x000000f13ed00000,0x000000f13ee00000)]
  0x0000021d930ab290 JavaThread "mysql-cj-abandoned-connection-cleanup" daemon [_thread_blocked, id=4412, stack(0x000000f13ee00000,0x000000f13ef00000)]
  0x0000021d930ae260 JavaThread "HikariPool-1 housekeeper" daemon [_thread_blocked, id=7696, stack(0x000000f13f000000,0x000000f13f100000)]
  0x0000021d930ab7e0 JavaThread "Catalina-utility-1" [_thread_blocked, id=8792, stack(0x000000f13f200000,0x000000f13f300000)]
  0x0000021d930aa7f0 JavaThread "Catalina-utility-2" [_thread_blocked, id=10184, stack(0x000000f13f300000,0x000000f13f400000)]
  0x0000021d930acd20 JavaThread "container-0" [_thread_blocked, id=9180, stack(0x000000f13f400000,0x000000f13f500000)]
  0x0000021d930add10 JavaThread "http-nio-8080-exec-1" daemon [_thread_blocked, id=3420, stack(0x000000f13f500000,0x000000f13f600000)]
  0x0000021d930af7a0 JavaThread "http-nio-8080-exec-2" daemon [_thread_blocked, id=12540, stack(0x000000f13f600000,0x000000f13f700000)]
  0x0000021d930ae7b0 JavaThread "http-nio-8080-exec-3" daemon [_thread_blocked, id=13188, stack(0x000000f13f700000,0x000000f13f800000)]
  0x0000021d930ad270 JavaThread "http-nio-8080-exec-4" daemon [_thread_blocked, id=4444, stack(0x000000f13f800000,0x000000f13f900000)]
  0x0000021d930b0240 JavaThread "http-nio-8080-exec-5" daemon [_thread_blocked, id=12972, stack(0x000000f13f900000,0x000000f13fa00000)]
  0x0000021d930aed00 JavaThread "http-nio-8080-exec-6" daemon [_thread_blocked, id=1160, stack(0x000000f13fa00000,0x000000f13fb00000)]
  0x0000021d930ac7d0 JavaThread "http-nio-8080-exec-7" daemon [_thread_blocked, id=3456, stack(0x000000f13fb00000,0x000000f13fc00000)]
  0x0000021d930afcf0 JavaThread "http-nio-8080-exec-8" daemon [_thread_blocked, id=11872, stack(0x000000f13fc00000,0x000000f13fd00000)]
  0x0000021d930ac280 JavaThread "http-nio-8080-exec-9" daemon [_thread_blocked, id=4808, stack(0x000000f13fd00000,0x000000f13fe00000)]
  0x0000021d930b0790 JavaThread "http-nio-8080-exec-10" daemon [_thread_blocked, id=11616, stack(0x000000f13fe00000,0x000000f13ff00000)]
  0x0000021d930b0ce0 JavaThread "http-nio-8080-Poller" daemon [_thread_in_native, id=5896, stack(0x000000f13ff00000,0x000000f140000000)]
  0x0000021d930b1230 JavaThread "http-nio-8080-Acceptor" daemon [_thread_in_native, id=11316, stack(0x000000f140000000,0x000000f140100000)]
  0x0000021d930a9800 JavaThread "DestroyJavaVM" [_thread_blocked, id=1712, stack(0x000000f13d100000,0x000000f13d200000)]

Other Threads:
=>0x0000021dff7d81e0 VMThread "VM Thread" [stack: 0x000000f13d700000,0x000000f13d800000] [id=1860]
  0x0000021d92629e00 WatcherThread "VM Periodic Task Thread" [stack: 0x000000f13ea00000,0x000000f13eb00000] [id=9400]
  0x0000021dfb9204c0 WorkerThread "GC Thread#0" [stack: 0x000000f13d200000,0x000000f13d300000] [id=4964]
  0x0000021d92599420 WorkerThread "GC Thread#1" [stack: 0x000000f13e500000,0x000000f13e600000] [id=6080]
  0x0000021d925996f0 WorkerThread "GC Thread#2" [stack: 0x000000f13e600000,0x000000f13e700000] [id=13160]
  0x0000021d925e8d20 WorkerThread "GC Thread#3" [stack: 0x000000f13e700000,0x000000f13e800000] [id=6084]
  0x0000021dfb9320e0 ConcurrentGCThread "G1 Main Marker" [stack: 0x000000f13d300000,0x000000f13d400000] [id=6624]
  0x0000021dfb933360 WorkerThread "G1 Conc#0" [stack: 0x000000f13d400000,0x000000f13d500000] [id=5652]
  0x0000021dff6964e0 ConcurrentGCThread "G1 Refine#0" [stack: 0x000000f13d500000,0x000000f13d600000] [id=10128]
  0x0000021dfb97d300 ConcurrentGCThread "G1 Service" [stack: 0x000000f13d600000,0x000000f13d700000] [id=8056]

Threads with active compile tasks:
C1 CompilerThread0    38720 5910       1       java.util.IdentityHashMap::init (11 bytes)

VM state: at safepoint (normal execution)

VM Mutex/Monitor currently owned by a thread:  ([mutex/lock_event])
[0x0000021dfb8bb9c0] Threads_lock - owner thread: 0x0000021dff7d81e0
[0x0000021dfb8bbc00] Heap_lock - owner thread: 0x0000021d930ae7b0

Heap address: 0x0000000082000000, size: 2016 MB, Compressed Oops mode: 32-bit

CDS archive(s) mapped at: [0x0000000800000000-0x0000000800c40000-0x0000000800c40000), size 12845056, SharedBaseAddress: 0x0000000800000000, ArchiveRelocationMode: 0.
Compressed class space mapped at: 0x0000000801000000-0x0000000841000000, reserved size: 1073741824
Narrow klass base: 0x0000000800000000, Narrow klass shift: 0, Narrow klass range: 0x100000000

GC Precious Log:
 CardTable entry size: 512
 Card Set container configuration: InlinePtr #cards 5 size 8 Array Of Cards #cards 12 size 40 Howl #buckets 4 coarsen threshold 1843 Howl Bitmap #cards 512 size 80 coarsen threshold 460 Card regions per heap region 1 cards per card region 2048
 CPUs: 4 total, 4 available
 Memory: 8057M
 Large Page Support: Disabled
 NUMA Support: Disabled
 Compressed Oops: Enabled (32-bit)
 Heap Region Size: 1M
 Heap Min Capacity: 8M
 Heap Initial Capacity: 126M
 Heap Max Capacity: 2016M
 Pre-touch: Disabled
 Parallel Workers: 4
 Concurrent Workers: 1
 Concurrent Refinement Workers: 4
 Periodic GC: Disabled

Heap:
 garbage-first heap   total 129024K, used 31551K [0x0000000082000000, 0x0000000100000000)
  region size 1024K, 3 young (3072K), 3 survivors (3072K)
 Metaspace       used 71186K, committed 71936K, reserved 1114112K
  class space    used 9931K, committed 10304K, reserved 1048576K

Heap Regions: E=young(eden), S=young(survivor), O=old, HS=humongous(starts), HC=humongous(continues), CS=collection set, F=free, OA=open archive, CA=closed archive, TAMS=top-at-mark-start (previous, next)
|   0|0x0000000082000000, 0x0000000082100000, 0x0000000082100000|100%|HS|  |TAMS 0x0000000082100000, 0x0000000082000000| Complete 
|   1|0x0000000082100000, 0x0000000082200000, 0x0000000082200000|100%|HS|  |TAMS 0x0000000082200000, 0x0000000082100000| Complete 
|   2|0x0000000082200000, 0x0000000082300000, 0x0000000082300000|100%| O|  |TAMS 0x0000000082300000, 0x0000000082200000| Untracked 
|   3|0x0000000082300000, 0x0000000082400000, 0x0000000082400000|100%| O|  |TAMS 0x0000000082400000, 0x0000000082300000| Untracked 
|   4|0x0000000082400000, 0x0000000082500000, 0x0000000082500000|100%| O|  |TAMS 0x0000000082500000, 0x0000000082400000| Untracked 
|   5|0x0000000082500000, 0x0000000082600000, 0x0000000082600000|100%| O|  |TAMS 0x0000000082600000, 0x0000000082500000| Untracked 
|   6|0x0000000082600000, 0x0000000082700000, 0x0000000082700000|100%| O|  |TAMS 0x0000000082700000, 0x0000000082600000| Untracked 
|   7|0x0000000082700000, 0x0000000082800000, 0x0000000082800000|100%| O|  |TAMS 0x0000000082800000, 0x0000000082700000| Untracked 
|   8|0x0000000082800000, 0x0000000082900000, 0x0000000082900000|100%| O|  |TAMS 0x0000000082900000, 0x0000000082800000| Untracked 
|   9|0x0000000082900000, 0x0000000082a00000, 0x0000000082a00000|100%| O|  |TAMS 0x0000000082a00000, 0x0000000082900000| Untracked 
|  10|0x0000000082a00000, 0x0000000082b00000, 0x0000000082b00000|100%| O|  |TAMS 0x0000000082b00000, 0x0000000082a00000| Untracked 
|  11|0x0000000082b00000, 0x0000000082c00000, 0x0000000082c00000|100%| O|  |TAMS 0x0000000082c00000, 0x0000000082b00000| Untracked 
|  12|0x0000000082c00000, 0x0000000082d00000, 0x0000000082d00000|100%| O|  |TAMS 0x0000000082d00000, 0x0000000082c00000| Untracked 
|  13|0x0000000082d00000, 0x0000000082e00000, 0x0000000082e00000|100%| O|  |TAMS 0x0000000082e00000, 0x0000000082d00000| Untracked 
|  14|0x0000000082e00000, 0x0000000082f00000, 0x0000000082f00000|100%| O|  |TAMS 0x0000000082f00000, 0x0000000082e00000| Untracked 
|  15|0x0000000082f00000, 0x0000000082f00000, 0x0000000083000000|  0%| F|  |TAMS 0x0000000082f00000, 0x0000000082f00000| Untracked 
|  16|0x0000000083000000, 0x0000000083100000, 0x0000000083100000|100%| O|  |TAMS 0x0000000083100000, 0x0000000083000000| Untracked 
|  17|0x0000000083100000, 0x0000000083200000, 0x0000000083200000|100%| O|  |TAMS 0x0000000083200000, 0x0000000083100000| Untracked 
|  18|0x0000000083200000, 0x0000000083300000, 0x0000000083300000|100%| O|  |TAMS 0x0000000083200000, 0x0000000083200000| Untracked 
|  19|0x0000000083300000, 0x0000000083400000, 0x0000000083400000|100%| O|  |TAMS 0x0000000083400000, 0x0000000083300000| Untracked 
|  20|0x0000000083400000, 0x0000000083500000, 0x0000000083500000|100%| O|  |TAMS 0x0000000083500000, 0x0000000083400000| Untracked 
|  21|0x0000000083500000, 0x0000000083600000, 0x0000000083600000|100%| O|  |TAMS 0x0000000083600000, 0x0000000083500000| Untracked 
|  22|0x0000000083600000, 0x0000000083700000, 0x0000000083700000|100%| O|  |TAMS 0x0000000083700000, 0x0000000083600000| Untracked 
|  23|0x0000000083700000, 0x0000000083800000, 0x0000000083800000|100%| O|  |TAMS 0x0000000083800000, 0x0000000083700000| Untracked 
|  24|0x0000000083800000, 0x0000000083900000, 0x0000000083900000|100%| O|  |TAMS 0x0000000083802e00, 0x0000000083800000| Untracked 
|  25|0x0000000083900000, 0x0000000083a00000, 0x0000000083a00000|100%| O|  |TAMS 0x0000000083900000, 0x0000000083900000| Untracked 
|  26|0x0000000083a00000, 0x0000000083b00000, 0x0000000083b00000|100%| O|  |TAMS 0x0000000083a00000, 0x0000000083a00000| Untracked 
|  27|0x0000000083b00000, 0x0000000083c00000, 0x0000000083c00000|100%| O|  |TAMS 0x0000000083b00000, 0x0000000083b00000| Untracked 
|  28|0x0000000083c00000, 0x0000000083d00000, 0x0000000083d00000|100%| O|  |TAMS 0x0000000083c00000, 0x0000000083c00000| Untracked 
|  29|0x0000000083d00000, 0x0000000083da8c00, 0x0000000083e00000| 65%| O|  |TAMS 0x0000000083d00000, 0x0000000083d00000| Untracked 
|  30|0x0000000083e00000, 0x0000000083e00000, 0x0000000083f00000|  0%| F|  |TAMS 0x0000000083e00000, 0x0000000083e00000| Untracked 
|  31|0x0000000083f00000, 0x0000000083f00000, 0x0000000084000000|  0%| F|  |TAMS 0x0000000083f00000, 0x0000000083f00000| Untracked 
|  32|0x0000000084000000, 0x0000000084000000, 0x0000000084100000|  0%| F|  |TAMS 0x0000000084000000, 0x0000000084000000| Untracked 
|  33|0x0000000084100000, 0x0000000084100000, 0x0000000084200000|  0%| F|  |TAMS 0x0000000084100000, 0x0000000084100000| Untracked 
|  34|0x0000000084200000, 0x0000000084200000, 0x0000000084300000|  0%| F|  |TAMS 0x0000000084200000, 0x0000000084200000| Untracked 
|  35|0x0000000084300000, 0x0000000084300000, 0x0000000084400000|  0%| F|  |TAMS 0x0000000084300000, 0x0000000084300000| Untracked 
|  36|0x0000000084400000, 0x0000000084400000, 0x0000000084500000|  0%| F|  |TAMS 0x0000000084400000, 0x0000000084400000| Untracked 
|  37|0x0000000084500000, 0x0000000084500000, 0x0000000084600000|  0%| F|  |TAMS 0x0000000084500000, 0x0000000084500000| Untracked 
|  38|0x0000000084600000, 0x0000000084600000, 0x0000000084700000|  0%| F|  |TAMS 0x0000000084600000, 0x0000000084600000| Untracked 
|  39|0x0000000084700000, 0x0000000084700000, 0x0000000084800000|  0%| F|  |TAMS 0x0000000084700000, 0x0000000084700000| Untracked 
|  40|0x0000000084800000, 0x0000000084800000, 0x0000000084900000|  0%| F|  |TAMS 0x0000000084800000, 0x0000000084800000| Untracked 
|  41|0x0000000084900000, 0x0000000084900000, 0x0000000084a00000|  0%| F|  |TAMS 0x0000000084900000, 0x0000000084900000| Untracked 
|  42|0x0000000084a00000, 0x0000000084a272a0, 0x0000000084b00000| 15%| S|CS|TAMS 0x0000000084a00000, 0x0000000084a00000| Complete 
|  43|0x0000000084b00000, 0x0000000084c00000, 0x0000000084c00000|100%| S|CS|TAMS 0x0000000084b00000, 0x0000000084b00000| Complete 
|  44|0x0000000084c00000, 0x0000000084d00000, 0x0000000084d00000|100%| S|CS|TAMS 0x0000000084c00000, 0x0000000084c00000| Complete 
|  45|0x0000000084d00000, 0x0000000084d00000, 0x0000000084e00000|  0%| F|  |TAMS 0x0000000084d00000, 0x0000000084d00000| Untracked 
|  46|0x0000000084e00000, 0x0000000084e00000, 0x0000000084f00000|  0%| F|  |TAMS 0x0000000084e00000, 0x0000000084e00000| Untracked 
|  47|0x0000000084f00000, 0x0000000084f00000, 0x0000000085000000|  0%| F|  |TAMS 0x0000000084f00000, 0x0000000084f00000| Untracked 
|  48|0x0000000085000000, 0x0000000085000000, 0x0000000085100000|  0%| F|  |TAMS 0x0000000085000000, 0x0000000085000000| Untracked 
|  49|0x0000000085100000, 0x0000000085100000, 0x0000000085200000|  0%| F|  |TAMS 0x0000000085100000, 0x0000000085100000| Untracked 
|  50|0x0000000085200000, 0x0000000085200000, 0x0000000085300000|  0%| F|  |TAMS 0x0000000085200000, 0x0000000085200000| Untracked 
|  51|0x0000000085300000, 0x0000000085300000, 0x0000000085400000|  0%| F|  |TAMS 0x0000000085300000, 0x0000000085300000| Untracked 
|  52|0x0000000085400000, 0x0000000085400000, 0x0000000085500000|  0%| F|  |TAMS 0x0000000085400000, 0x0000000085400000| Untracked 
|  53|0x0000000085500000, 0x0000000085500000, 0x0000000085600000|  0%| F|  |TAMS 0x0000000085500000, 0x0000000085500000| Untracked 
|  54|0x0000000085600000, 0x0000000085600000, 0x0000000085700000|  0%| F|  |TAMS 0x0000000085600000, 0x0000000085600000| Untracked 
|  55|0x0000000085700000, 0x0000000085700000, 0x0000000085800000|  0%| F|  |TAMS 0x0000000085700000, 0x0000000085700000| Untracked 
|  56|0x0000000085800000, 0x0000000085800000, 0x0000000085900000|  0%| F|  |TAMS 0x0000000085800000, 0x0000000085800000| Untracked 
|  57|0x0000000085900000, 0x0000000085900000, 0x0000000085a00000|  0%| F|  |TAMS 0x0000000085900000, 0x0000000085900000| Untracked 
|  58|0x0000000085a00000, 0x0000000085a00000, 0x0000000085b00000|  0%| F|  |TAMS 0x0000000085a00000, 0x0000000085a00000| Untracked 
|  59|0x0000000085b00000, 0x0000000085b00000, 0x0000000085c00000|  0%| F|  |TAMS 0x0000000085b00000, 0x0000000085b00000| Untracked 
|  60|0x0000000085c00000, 0x0000000085c00000, 0x0000000085d00000|  0%| F|  |TAMS 0x0000000085c00000, 0x0000000085c00000| Untracked 
|  61|0x0000000085d00000, 0x0000000085d00000, 0x0000000085e00000|  0%| F|  |TAMS 0x0000000085d00000, 0x0000000085d00000| Untracked 
|  62|0x0000000085e00000, 0x0000000085e00000, 0x0000000085f00000|  0%| F|  |TAMS 0x0000000085e00000, 0x0000000085e00000| Untracked 
|  63|0x0000000085f00000, 0x0000000085f00000, 0x0000000086000000|  0%| F|  |TAMS 0x0000000085f00000, 0x0000000085f00000| Untracked 
|  64|0x0000000086000000, 0x0000000086000000, 0x0000000086100000|  0%| F|  |TAMS 0x0000000086000000, 0x0000000086000000| Untracked 
|  65|0x0000000086100000, 0x0000000086100000, 0x0000000086200000|  0%| F|  |TAMS 0x0000000086100000, 0x0000000086100000| Untracked 
|  66|0x0000000086200000, 0x0000000086200000, 0x0000000086300000|  0%| F|  |TAMS 0x0000000086200000, 0x0000000086200000| Untracked 
|  67|0x0000000086300000, 0x0000000086300000, 0x0000000086400000|  0%| F|  |TAMS 0x0000000086300000, 0x0000000086300000| Untracked 
|  68|0x0000000086400000, 0x0000000086400000, 0x0000000086500000|  0%| F|  |TAMS 0x0000000086400000, 0x0000000086400000| Untracked 
|  69|0x0000000086500000, 0x0000000086500000, 0x0000000086600000|  0%| F|  |TAMS 0x0000000086500000, 0x0000000086500000| Untracked 
|  70|0x0000000086600000, 0x0000000086600000, 0x0000000086700000|  0%| F|  |TAMS 0x0000000086600000, 0x0000000086600000| Untracked 
|  71|0x0000000086700000, 0x0000000086700000, 0x0000000086800000|  0%| F|  |TAMS 0x0000000086700000, 0x0000000086700000| Untracked 
|  72|0x0000000086800000, 0x0000000086800000, 0x0000000086900000|  0%| F|  |TAMS 0x0000000086800000, 0x0000000086800000| Untracked 
|  73|0x0000000086900000, 0x0000000086900000, 0x0000000086a00000|  0%| F|  |TAMS 0x0000000086900000, 0x0000000086900000| Untracked 
|  74|0x0000000086a00000, 0x0000000086a00000, 0x0000000086b00000|  0%| F|  |TAMS 0x0000000086a00000, 0x0000000086a00000| Untracked 
|  75|0x0000000086b00000, 0x0000000086b00000, 0x0000000086c00000|  0%| F|  |TAMS 0x0000000086b00000, 0x0000000086b00000| Untracked 
|  76|0x0000000086c00000, 0x0000000086c00000, 0x0000000086d00000|  0%| F|  |TAMS 0x0000000086c00000, 0x0000000086c00000| Untracked 
|  77|0x0000000086d00000, 0x0000000086d00000, 0x0000000086e00000|  0%| F|  |TAMS 0x0000000086d00000, 0x0000000086d00000| Untracked 
|  78|0x0000000086e00000, 0x0000000086e00000, 0x0000000086f00000|  0%| F|  |TAMS 0x0000000086e00000, 0x0000000086e00000| Untracked 
|  79|0x0000000086f00000, 0x0000000086f00000, 0x0000000087000000|  0%| F|  |TAMS 0x0000000086f00000, 0x0000000086f00000| Untracked 
|  80|0x0000000087000000, 0x0000000087000000, 0x0000000087100000|  0%| F|  |TAMS 0x0000000087000000, 0x0000000087000000| Untracked 
|  81|0x0000000087100000, 0x0000000087100000, 0x0000000087200000|  0%| F|  |TAMS 0x0000000087100000, 0x0000000087100000| Untracked 
|  82|0x0000000087200000, 0x0000000087200000, 0x0000000087300000|  0%| F|  |TAMS 0x0000000087200000, 0x0000000087200000| Untracked 
|  83|0x0000000087300000, 0x0000000087300000, 0x0000000087400000|  0%| F|  |TAMS 0x0000000087300000, 0x0000000087300000| Untracked 
|  84|0x0000000087400000, 0x0000000087400000, 0x0000000087500000|  0%| F|  |TAMS 0x0000000087400000, 0x0000000087400000| Untracked 
|  85|0x0000000087500000, 0x0000000087500000, 0x0000000087600000|  0%| F|  |TAMS 0x0000000087500000, 0x0000000087500000| Untracked 
|  86|0x0000000087600000, 0x0000000087600000, 0x0000000087700000|  0%| F|  |TAMS 0x0000000087600000, 0x0000000087600000| Untracked 
|  87|0x0000000087700000, 0x0000000087700000, 0x0000000087800000|  0%| F|  |TAMS 0x0000000087700000, 0x0000000087700000| Untracked 
|  88|0x0000000087800000, 0x0000000087800000, 0x0000000087900000|  0%| F|  |TAMS 0x0000000087800000, 0x0000000087800000| Untracked 
|  89|0x0000000087900000, 0x0000000087900000, 0x0000000087a00000|  0%| F|  |TAMS 0x0000000087900000, 0x0000000087900000| Untracked 
|  90|0x0000000087a00000, 0x0000000087a00000, 0x0000000087b00000|  0%| F|  |TAMS 0x0000000087a00000, 0x0000000087a00000| Untracked 
|  91|0x0000000087b00000, 0x0000000087b00000, 0x0000000087c00000|  0%| F|  |TAMS 0x0000000087b00000, 0x0000000087b00000| Untracked 
|  92|0x0000000087c00000, 0x0000000087c00000, 0x0000000087d00000|  0%| F|  |TAMS 0x0000000087c00000, 0x0000000087c00000| Untracked 
|  93|0x0000000087d00000, 0x0000000087d00000, 0x0000000087e00000|  0%| F|  |TAMS 0x0000000087d00000, 0x0000000087d00000| Untracked 
|  94|0x0000000087e00000, 0x0000000087e00000, 0x0000000087f00000|  0%| F|  |TAMS 0x0000000087e00000, 0x0000000087e00000| Untracked 
|  95|0x0000000087f00000, 0x0000000087f00000, 0x0000000088000000|  0%| F|  |TAMS 0x0000000087f00000, 0x0000000087f00000| Untracked 
|  96|0x0000000088000000, 0x0000000088000000, 0x0000000088100000|  0%| F|  |TAMS 0x0000000088000000, 0x0000000088000000| Untracked 
|  97|0x0000000088100000, 0x0000000088100000, 0x0000000088200000|  0%| F|  |TAMS 0x0000000088100000, 0x0000000088100000| Untracked 
|  98|0x0000000088200000, 0x0000000088200000, 0x0000000088300000|  0%| F|  |TAMS 0x0000000088200000, 0x0000000088200000| Untracked 
|  99|0x0000000088300000, 0x0000000088300000, 0x0000000088400000|  0%| F|  |TAMS 0x0000000088300000, 0x0000000088300000| Untracked 
| 100|0x0000000088400000, 0x0000000088400000, 0x0000000088500000|  0%| F|  |TAMS 0x0000000088400000, 0x0000000088400000| Untracked 
| 101|0x0000000088500000, 0x0000000088500000, 0x0000000088600000|  0%| F|  |TAMS 0x0000000088500000, 0x0000000088500000| Untracked 
| 102|0x0000000088600000, 0x0000000088600000, 0x0000000088700000|  0%| F|  |TAMS 0x0000000088600000, 0x0000000088600000| Untracked 
| 103|0x0000000088700000, 0x0000000088700000, 0x0000000088800000|  0%| F|  |TAMS 0x0000000088700000, 0x0000000088700000| Untracked 
| 104|0x0000000088800000, 0x0000000088800000, 0x0000000088900000|  0%| F|  |TAMS 0x0000000088800000, 0x0000000088800000| Untracked 
| 105|0x0000000088900000, 0x0000000088900000, 0x0000000088a00000|  0%| F|  |TAMS 0x0000000088900000, 0x0000000088900000| Untracked 
| 106|0x0000000088a00000, 0x0000000088a00000, 0x0000000088b00000|  0%| F|  |TAMS 0x0000000088a00000, 0x0000000088a00000| Untracked 
| 107|0x0000000088b00000, 0x0000000088b00000, 0x0000000088c00000|  0%| F|  |TAMS 0x0000000088b00000, 0x0000000088b00000| Untracked 
| 108|0x0000000088c00000, 0x0000000088c00000, 0x0000000088d00000|  0%| F|  |TAMS 0x0000000088c00000, 0x0000000088c00000| Untracked 
| 109|0x0000000088d00000, 0x0000000088d00000, 0x0000000088e00000|  0%| F|  |TAMS 0x0000000088d00000, 0x0000000088d00000| Untracked 
| 110|0x0000000088e00000, 0x0000000088e00000, 0x0000000088f00000|  0%| F|  |TAMS 0x0000000088e00000, 0x0000000088e00000| Untracked 
| 111|0x0000000088f00000, 0x0000000088f00000, 0x0000000089000000|  0%| F|  |TAMS 0x0000000088f00000, 0x0000000088f00000| Untracked 
| 112|0x0000000089000000, 0x0000000089000000, 0x0000000089100000|  0%| F|  |TAMS 0x0000000089000000, 0x0000000089000000| Untracked 
| 113|0x0000000089100000, 0x0000000089100000, 0x0000000089200000|  0%| F|  |TAMS 0x0000000089100000, 0x0000000089100000| Untracked 
| 114|0x0000000089200000, 0x0000000089200000, 0x0000000089300000|  0%| F|  |TAMS 0x0000000089200000, 0x0000000089200000| Untracked 
| 115|0x0000000089300000, 0x0000000089300000, 0x0000000089400000|  0%| F|  |TAMS 0x0000000089300000, 0x0000000089300000| Untracked 
| 116|0x0000000089400000, 0x0000000089400000, 0x0000000089500000|  0%| F|  |TAMS 0x0000000089400000, 0x0000000089400000| Untracked 
| 117|0x0000000089500000, 0x0000000089500000, 0x0000000089600000|  0%| F|  |TAMS 0x0000000089500000, 0x0000000089500000| Untracked 
| 118|0x0000000089600000, 0x0000000089600000, 0x0000000089700000|  0%| F|  |TAMS 0x0000000089600000, 0x0000000089600000| Untracked 
| 119|0x0000000089700000, 0x0000000089700000, 0x0000000089800000|  0%| F|  |TAMS 0x0000000089700000, 0x0000000089700000| Untracked 
| 120|0x0000000089800000, 0x0000000089800000, 0x0000000089900000|  0%| F|  |TAMS 0x0000000089800000, 0x0000000089800000| Untracked 
| 121|0x0000000089900000, 0x0000000089900000, 0x0000000089a00000|  0%| F|  |TAMS 0x0000000089900000, 0x0000000089900000| Untracked 
| 122|0x0000000089a00000, 0x0000000089a00000, 0x0000000089b00000|  0%| F|  |TAMS 0x0000000089a00000, 0x0000000089a00000| Untracked 
| 123|0x0000000089b00000, 0x0000000089b00000, 0x0000000089c00000|  0%| F|  |TAMS 0x0000000089b00000, 0x0000000089b00000| Untracked 
| 124|0x0000000089c00000, 0x0000000089c00000, 0x0000000089d00000|  0%| F|  |TAMS 0x0000000089c00000, 0x0000000089c00000| Untracked 
| 125|0x0000000089d00000, 0x0000000089d00000, 0x0000000089e00000|  0%| F|  |TAMS 0x0000000089d00000, 0x0000000089d00000| Untracked 

Card table byte_map: [0x0000021dfed70000,0x0000021dff160000] _byte_map_base: 0x0000021dfe960000

Marking Bits (Prev, Next): (CMBitMap*) 0x0000021dfb921a50, (CMBitMap*) 0x0000021dfb921a10
 Prev Bits: [0x0000021d89e20000, 0x0000021d8bda0000)
 Next Bits: [0x0000021d87ea0000, 0x0000021d89e20000)

Polling page: 0x0000021df9700000

Metaspace:

Usage:
  Non-class:     59.82 MB used.
      Class:      9.70 MB used.
       Both:     69.52 MB used.

Virtual space:
  Non-class space:       64.00 MB reserved,      60.19 MB ( 94%) committed,  1 nodes.
      Class space:        1.00 GB reserved,      10.06 MB ( <1%) committed,  1 nodes.
             Both:        1.06 GB reserved,      70.25 MB (  6%) committed. 

Chunk freelists:
   Non-Class:  3.56 MB
       Class:  1.89 MB
        Both:  5.45 MB

MaxMetaspaceSize: unlimited
CompressedClassSpaceSize: 1.00 GB
Initial GC threshold: 21.00 MB
Current GC threshold: 99.69 MB
CDS: on
MetaspaceReclaimPolicy: balanced
 - commit_granule_bytes: 65536.
 - commit_granule_words: 8192.
 - virtual_space_node_default_size: 8388608.
 - enlarge_chunks_in_place: 1.
 - new_chunks_are_fully_committed: 0.
 - uncommit_free_chunks: 1.
 - use_allocation_guard: 0.


Internal statistics:

num_allocs_failed_limit: 15.
num_arena_births: 1194.
num_arena_deaths: 0.
num_vsnodes_births: 2.
num_vsnodes_deaths: 0.
num_space_committed: 1124.
num_space_uncommitted: 0.
num_chunks_returned_to_freelist: 15.
num_chunks_taken_from_freelist: 3697.
num_chunk_merges: 15.
num_chunk_splits: 2767.
num_chunks_enlarged: 2226.
num_inconsistent_stats: 0.

CodeCache: size=49152Kb used=10556Kb max_used=11353Kb free=38595Kb
 bounds [0x0000021dfb980000, 0x0000021dfc4a0000, 0x0000021dfe980000]
 total_blobs=6626 nmethods=5909 adapters=641
 compilation: enabled
              stopped_count=0, restarted_count=0
 full_count=0

Compilation events (20 events):
Event: 38.565 Thread 0x0000021dff7fef10 nmethod 5899 0x0000021dfbb8db10 code [0x0000021dfbb8dce0, 0x0000021dfbb8df88]
Event: 38.565 Thread 0x0000021dff7fef10 5900       1       java.lang.invoke.MethodHandles$Lookup::getDirectFieldNoSecurityManager (12 bytes)
Event: 38.565 Thread 0x0000021dff7fef10 nmethod 5900 0x0000021dfbb8d810 code [0x0000021dfbb8d9a0, 0x0000021dfbb8da88]
Event: 38.568 Thread 0x0000021dff7fef10 5902       1       com.mysql.cj.protocol.a.result.ResultsetRowsStatic::isDynamic (2 bytes)
Event: 38.568 Thread 0x0000021dff7fef10 nmethod 5902 0x0000021dfbb8d510 code [0x0000021dfbb8d6a0, 0x0000021dfbb8d778]
Event: 38.571 Thread 0x0000021dff7fef10 5903       1       java.security.MessageDigest::update (11 bytes)
Event: 38.571 Thread 0x0000021dff7fef10 nmethod 5903 0x0000021dfbb8d190 code [0x0000021dfbb8d340, 0x0000021dfbb8d448]
Event: 38.571 Thread 0x0000021dff7fef10 5904       1       java.security.MessageDigest$Delegate::engineUpdate (9 bytes)
Event: 38.571 Thread 0x0000021dff7fef10 nmethod 5904 0x0000021dfbb8ce90 code [0x0000021dfbb8d040, 0x0000021dfbb8d128]
Event: 38.571 Thread 0x0000021dff7fef10 5905       1       sun.security.provider.DigestBase::engineUpdate (32 bytes)
Event: 38.572 Thread 0x0000021dff7fef10 nmethod 5905 0x0000021dfbb8c990 code [0x0000021dfbb8cb40, 0x0000021dfbb8cd68]
Event: 38.572 Thread 0x0000021dff7fef10 5906       1       org.springframework.security.crypto.bcrypt.BCrypt::streamtowords (111 bytes)
Event: 38.572 Thread 0x0000021dff7fef10 nmethod 5906 0x0000021dfbb8c310 code [0x0000021dfbb8c4c0, 0x0000021dfbb8c778]
Event: 38.572 Thread 0x0000021dff7fef10 5907       1       org.springframework.security.crypto.bcrypt.BCrypt::streamtoword (17 bytes)
Event: 38.572 Thread 0x0000021dff7fef10 nmethod 5907 0x0000021dfbb8be90 code [0x0000021dfbb8c040, 0x0000021dfbb8c1c8]
Event: 38.572 Thread 0x0000021dff7fef10 5908       1       org.springframework.security.crypto.bcrypt.BCrypt::encipher (253 bytes)
Event: 38.572 Thread 0x0000021dff7fef10 nmethod 5908 0x0000021dfbb8b690 code [0x0000021dfbb8b840, 0x0000021dfbb8bbf8]
Event: 38.579 Thread 0x0000021dff7fef10 5909       1       org.springframework.security.crypto.bcrypt.BCrypt::key (196 bytes)
Event: 38.580 Thread 0x0000021dff7fef10 nmethod 5909 0x0000021dfbb8a890 code [0x0000021dfbb8aaa0, 0x0000021dfbb8b198]
Event: 38.684 Thread 0x0000021dff7fef10 5910       1       java.util.IdentityHashMap::init (11 bytes)

GC Heap History (20 events):
Event: 3.411 GC heap after
{Heap after GC invocations=8 (full 0):
 garbage-first heap   total 51200K, used 17015K [0x0000000082000000, 0x0000000100000000)
  region size 1024K, 2 young (2048K), 2 survivors (2048K)
 Metaspace       used 26453K, committed 27072K, reserved 1114112K
  class space    used 3553K, committed 3840K, reserved 1048576K
}
Event: 3.889 GC heap before
{Heap before GC invocations=8 (full 0):
 garbage-first heap   total 51200K, used 36471K [0x0000000082000000, 0x0000000100000000)
  region size 1024K, 22 young (22528K), 2 survivors (2048K)
 Metaspace       used 30147K, committed 30720K, reserved 1114112K
  class space    used 4054K, committed 4288K, reserved 1048576K
}
Event: 3.896 GC heap after
{Heap after GC invocations=9 (full 0):
 garbage-first heap   total 51200K, used 19124K [0x0000000082000000, 0x0000000100000000)
  region size 1024K, 3 young (3072K), 3 survivors (3072K)
 Metaspace       used 30147K, committed 30720K, reserved 1114112K
  class space    used 4054K, committed 4288K, reserved 1048576K
}
Event: 4.263 GC heap before
{Heap before GC invocations=9 (full 0):
 garbage-first heap   total 51200K, used 36532K [0x0000000082000000, 0x0000000100000000)
  region size 1024K, 21 young (21504K), 3 survivors (3072K)
 Metaspace       used 33980K, committed 34560K, reserved 1114112K
  class space    used 4581K, committed 4864K, reserved 1048576K
}
Event: 4.272 GC heap after
{Heap after GC invocations=10 (full 0):
 garbage-first heap   total 89088K, used 20400K [0x0000000082000000, 0x0000000100000000)
  region size 1024K, 2 young (2048K), 2 survivors (2048K)
 Metaspace       used 33980K, committed 34560K, reserved 1114112K
  class space    used 4581K, committed 4864K, reserved 1048576K
}
Event: 4.374 GC heap before
{Heap before GC invocations=10 (full 0):
 garbage-first heap   total 89088K, used 24496K [0x0000000082000000, 0x0000000100000000)
  region size 1024K, 7 young (7168K), 2 survivors (2048K)
 Metaspace       used 35350K, committed 35968K, reserved 1114112K
  class space    used 4798K, committed 5120K, reserved 1048576K
}
Event: 4.378 GC heap after
{Heap after GC invocations=11 (full 0):
 garbage-first heap   total 89088K, used 20410K [0x0000000082000000, 0x0000000100000000)
  region size 1024K, 2 young (2048K), 2 survivors (2048K)
 Metaspace       used 35350K, committed 35968K, reserved 1114112K
  class space    used 4798K, committed 5120K, reserved 1048576K
}
Event: 5.279 GC heap before
{Heap before GC invocations=12 (full 0):
 garbage-first heap   total 78848K, used 65466K [0x0000000082000000, 0x0000000100000000)
  region size 1024K, 46 young (47104K), 2 survivors (2048K)
 Metaspace       used 46442K, committed 47104K, reserved 1114112K
  class space    used 6298K, committed 6592K, reserved 1048576K
}
Event: 5.287 GC heap after
{Heap after GC invocations=13 (full 0):
 garbage-first heap   total 78848K, used 23818K [0x0000000082000000, 0x0000000100000000)
  region size 1024K, 5 young (5120K), 5 survivors (5120K)
 Metaspace       used 46442K, committed 47104K, reserved 1114112K
  class space    used 6298K, committed 6592K, reserved 1048576K
}
Event: 5.308 GC heap before
{Heap before GC invocations=13 (full 0):
 garbage-first heap   total 78848K, used 24842K [0x0000000082000000, 0x0000000100000000)
  region size 1024K, 6 young (6144K), 5 survivors (5120K)
 Metaspace       used 46755K, committed 47360K, reserved 1114112K
  class space    used 6320K, committed 6592K, reserved 1048576K
}
Event: 5.314 GC heap after
{Heap after GC invocations=14 (full 0):
 garbage-first heap   total 78848K, used 24308K [0x0000000082000000, 0x0000000100000000)
  region size 1024K, 1 young (1024K), 1 survivors (1024K)
 Metaspace       used 46755K, committed 47360K, reserved 1114112K
  class space    used 6320K, committed 6592K, reserved 1048576K
}
Event: 6.039 GC heap before
{Heap before GC invocations=14 (full 0):
 garbage-first heap   total 78848K, used 58100K [0x0000000082000000, 0x0000000100000000)
  region size 1024K, 35 young (35840K), 1 survivors (1024K)
 Metaspace       used 56406K, committed 57152K, reserved 1114112K
  class space    used 7842K, committed 8192K, reserved 1048576K
}
Event: 6.042 GC heap after
{Heap after GC invocations=15 (full 0):
 garbage-first heap   total 78848K, used 25066K [0x0000000082000000, 0x0000000100000000)
  region size 1024K, 2 young (2048K), 2 survivors (2048K)
 Metaspace       used 56406K, committed 57152K, reserved 1114112K
  class space    used 7842K, committed 8192K, reserved 1048576K
}
Event: 6.592 GC heap before
{Heap before GC invocations=15 (full 0):
 garbage-first heap   total 78848K, used 42474K [0x0000000082000000, 0x0000000100000000)
  region size 1024K, 20 young (20480K), 2 survivors (2048K)
 Metaspace       used 59900K, committed 60608K, reserved 1114112K
  class space    used 8269K, committed 8640K, reserved 1048576K
}
Event: 6.598 GC heap after
{Heap after GC invocations=16 (full 0):
 garbage-first heap   total 78848K, used 26502K [0x0000000082000000, 0x0000000100000000)
  region size 1024K, 3 young (3072K), 3 survivors (3072K)
 Metaspace       used 59900K, committed 60608K, reserved 1114112K
  class space    used 8269K, committed 8640K, reserved 1048576K
}
Event: 7.184 GC heap before
{Heap before GC invocations=17 (full 0):
 garbage-first heap   total 78848K, used 61318K [0x0000000082000000, 0x0000000100000000)
  region size 1024K, 37 young (37888K), 3 survivors (3072K)
 Metaspace       used 64183K, committed 64960K, reserved 1114112K
  class space    used 8966K, committed 9344K, reserved 1048576K
}
Event: 7.192 GC heap after
{Heap after GC invocations=18 (full 0):
 garbage-first heap   total 78848K, used 29624K [0x0000000082000000, 0x0000000100000000)
  region size 1024K, 5 young (5120K), 5 survivors (5120K)
 Metaspace       used 64183K, committed 64960K, reserved 1114112K
  class space    used 8966K, committed 9344K, reserved 1048576K
}
Event: 7.209 GC heap before
{Heap before GC invocations=18 (full 0):
 garbage-first heap   total 78848K, used 30648K [0x0000000082000000, 0x0000000100000000)
  region size 1024K, 6 young (6144K), 5 survivors (5120K)
 Metaspace       used 64373K, committed 65152K, reserved 1114112K
  class space    used 8995K, committed 9344K, reserved 1048576K
}
Event: 7.216 GC heap after
{Heap after GC invocations=19 (full 0):
 garbage-first heap   total 78848K, used 30143K [0x0000000082000000, 0x0000000100000000)
  region size 1024K, 1 young (1024K), 1 survivors (1024K)
 Metaspace       used 64373K, committed 65152K, reserved 1114112K
  class space    used 8995K, committed 9344K, reserved 1048576K
}
Event: 38.684 GC heap before
{Heap before GC invocations=19 (full 0):
 garbage-first heap   total 78848K, used 60863K [0x0000000082000000, 0x0000000100000000)
  region size 1024K, 32 young (32768K), 1 survivors (1024K)
 Metaspace       used 71186K, committed 71936K, reserved 1114112K
  class space    used 9931K, committed 10304K, reserved 1048576K
}

Dll operation events (14 events):
Event: 0.010 Loaded shared library C:\Program Files\Java\jdk-19\bin\java.dll
Event: 0.028 Loaded shared library C:\Program Files\Java\jdk-19\bin\jsvml.dll
Event: 0.186 Loaded shared library C:\Program Files\Java\jdk-19\bin\zip.dll
Event: 0.190 Loaded shared library C:\Program Files\Java\jdk-19\bin\instrument.dll
Event: 0.210 Loaded shared library C:\Program Files\Java\jdk-19\bin\net.dll
Event: 0.211 Loaded shared library C:\Program Files\Java\jdk-19\bin\nio.dll
Event: 0.215 Loaded shared library C:\Program Files\Java\jdk-19\bin\zip.dll
Event: 0.248 Loaded shared library C:\Program Files\Java\jdk-19\bin\jimage.dll
Event: 0.356 Loaded shared library C:\Program Files\JetBrains\IntelliJ IDEA 2024.3.2\bin\breakgen64.dll
Event: 0.367 Loaded shared library C:\Program Files\Java\jdk-19\bin\extnet.dll
Event: 0.374 Loaded shared library C:\Program Files\Java\jdk-19\bin\management.dll
Event: 0.398 Loaded shared library C:\Program Files\Java\jdk-19\bin\management_ext.dll
Event: 2.202 Loaded shared library C:\Program Files\Java\jdk-19\bin\sunmscapi.dll
Event: 4.384 Loaded shared library C:\Program Files\Java\jdk-19\bin\verify.dll

Deoptimization events (12 events):
Event: 0.542 Thread 0x0000021dff7fabe0 DEOPT PACKING pc=0x0000021dfbccc155 sp=0x000000f13dbfd310
Event: 0.542 Thread 0x0000021dff7fabe0 DEOPT UNPACKING pc=0x0000021dfb9e7543 sp=0x000000f13dbfc7c0 mode 3
Event: 0.556 Thread 0x0000021dff7fabe0 DEOPT PACKING pc=0x0000021dfbce4650 sp=0x000000f13dbfd2e0
Event: 0.556 Thread 0x0000021dff7fabe0 DEOPT UNPACKING pc=0x0000021dfb9e7543 sp=0x000000f13dbfc798 mode 3
Event: 1.961 Thread 0x0000021dfb8c3300 DEOPT PACKING pc=0x0000021dfbf31cb9 sp=0x000000f13d1fd7d0
Event: 1.961 Thread 0x0000021dfb8c3300 DEOPT UNPACKING pc=0x0000021dfb9e7543 sp=0x000000f13d1fccb0 mode 3
Event: 3.437 Thread 0x0000021dfb8c3300 DEOPT PACKING pc=0x0000021dfc0c7d0c sp=0x000000f13d1fc340
Event: 3.437 Thread 0x0000021dfb8c3300 DEOPT UNPACKING pc=0x0000021dfb9e7543 sp=0x000000f13d1fb800 mode 0
Event: 4.627 Thread 0x0000021dfb8c3300 DEOPT PACKING pc=0x0000021dfc1d9a9d sp=0x000000f13d1f6db0
Event: 4.627 Thread 0x0000021dfb8c3300 DEOPT UNPACKING pc=0x0000021dfb9e7543 sp=0x000000f13d1f6318 mode 3
Event: 33.326 Thread 0x0000021d92b13440 DEOPT PACKING pc=0x0000021dfc33172c sp=0x000000f13edfede0
Event: 33.326 Thread 0x0000021d92b13440 DEOPT UNPACKING pc=0x0000021dfb9e7543 sp=0x000000f13edfe278 mode 0

Classes loaded (20 events):
Event: 33.378 Loading class java/util/function/IntBinaryOperator
Event: 33.378 Loading class java/util/function/IntBinaryOperator done
Event: 33.378 Loading class java/util/stream/ReduceOps$7
Event: 33.379 Loading class java/util/stream/ReduceOps$7 done
Event: 33.379 Loading class java/util/stream/ReduceOps$6ReducingSink
Event: 33.379 Loading class java/util/stream/ReduceOps$6ReducingSink done
Event: 33.379 Loading class java/util/stream/ReferencePipeline$4$1
Event: 33.379 Loading class java/util/stream/ReferencePipeline$4$1 done
Event: 38.264 Loading class java/util/OptionalLong
Event: 38.265 Loading class java/util/OptionalLong done
Event: 38.265 Loading class java/util/OptionalDouble
Event: 38.266 Loading class java/util/OptionalDouble done
Event: 38.275 Loading class org/w3c/dom/Node
Event: 38.275 Loading class org/w3c/dom/Node done
Event: 38.275 Loading class org/w3c/dom/Document
Event: 38.275 Loading class org/w3c/dom/Document done
Event: 38.473 Loading class java/util/AbstractMap$SimpleEntry
Event: 38.473 Loading class java/util/AbstractMap$SimpleEntry done
Event: 38.566 Loading class jdk/internal/reflect/MethodHandleBooleanFieldAccessorImpl
Event: 38.566 Loading class jdk/internal/reflect/MethodHandleBooleanFieldAccessorImpl done

Classes unloaded (0 events):
No events

Classes redefined (0 events):
No events

Internal exceptions (20 events):
Event: 6.404 Thread 0x0000021dfb8c3300 Exception <a 'java/lang/IncompatibleClassChangeError'{0x0000000086543b58}: Found class java.lang.Object, but interface was expected> (0x0000000086543b58) 
thrown [s\open\src\hotspot\share\interpreter\linkResolver.cpp, line 841]
Event: 6.523 Thread 0x0000021dfb8c3300 Exception <a 'java/lang/IncompatibleClassChangeError'{0x0000000085e2d9c8}: Found class java.lang.Object, but interface was expected> (0x0000000085e2d9c8) 
thrown [s\open\src\hotspot\share\interpreter\linkResolver.cpp, line 841]
Event: 6.589 Thread 0x0000021dfb8c3300 Exception <a 'java/lang/IncompatibleClassChangeError'{0x0000000085b21920}: Found class java.lang.Object, but interface was expected> (0x0000000085b21920) 
thrown [s\open\src\hotspot\share\interpreter\linkResolver.cpp, line 841]
Event: 6.589 Thread 0x0000021dfb8c3300 Exception <a 'java/lang/IncompatibleClassChangeError'{0x0000000085b28510}: Found class java.lang.Object, but interface was expected> (0x0000000085b28510) 
thrown [s\open\src\hotspot\share\interpreter\linkResolver.cpp, line 841]
Event: 6.641 Thread 0x0000021dfb8c3300 Exception <a 'java/lang/NoSuchMethodError'{0x000000008839f730}: 'java.lang.Object java.lang.invoke.DirectMethodHandle$Holder.invokeStatic(java.lang.Object, int, java.lang.Object)'> (0x000000008839f730) 
thrown [s\open\src\hotspot\share\interpreter\linkResolver.cpp, line 774]
Event: 6.807 Thread 0x0000021dfb8c3300 Exception <a 'java/lang/NoSuchMethodError'{0x000000008617c638}: 'java.lang.Object java.lang.invoke.DirectMethodHandle$Holder.newInvokeSpecial(java.lang.Object, java.lang.Object, java.lang.Object, java.lang.Object, java.lang.Object, java.lang.Object, java.lang.Object, java.lang.Object)'> (0x000000008617c638) 
thrown [s\open\src\hotspot\share\interpreter\linkResolver.cpp, line 774]
Event: 6.997 Thread 0x0000021dfb8c3300 Exception <a 'sun/nio/fs/WindowsException'{0x00000000853d9528}> (0x00000000853d9528) 
thrown [s\open\src\hotspot\share\prims\jni.cpp, line 517]
Event: 7.034 Thread 0x0000021dfb8c3300 Exception <a 'java/lang/IncompatibleClassChangeError'{0x000000008505ff08}: Found class java.lang.Object, but interface was expected> (0x000000008505ff08) 
thrown [s\open\src\hotspot\share\interpreter\linkResolver.cpp, line 841]
Event: 7.163 Thread 0x0000021dfb8c3300 Exception <a 'java/lang/NoSuchMethodError'{0x0000000084969008}: 'void java.lang.invoke.DirectMethodHandle$Holder.invokeVirtual(java.lang.Object, java.lang.Object, long)'> (0x0000000084969008) 
thrown [s\open\src\hotspot\share\interpreter\linkResolver.cpp, line 774]
Event: 7.207 Thread 0x0000021dfb8c3300 Exception <a 'java/lang/NoSuchMethodError'{0x0000000089de5000}: 'int java.lang.invoke.DirectMethodHandle$Holder.invokeStaticInit(java.lang.Object, java.lang.Object, java.lang.Object, java.lang.Object)'> (0x0000000089de5000) 
thrown [s\open\src\hotspot\share\interpreter\linkResolver.cpp, line 774]
Event: 7.270 Thread 0x0000021dfb8c3300 Exception <a 'java/lang/IncompatibleClassChangeError'{0x0000000087aa49d0}: Found class java.lang.Object, but interface was expected> (0x0000000087aa49d0) 
thrown [s\open\src\hotspot\share\interpreter\linkResolver.cpp, line 841]
Event: 7.296 Thread 0x0000021dfb8c3300 Exception <a 'java/lang/NoSuchMethodError'{0x00000000868ff588}: 'java.lang.Object java.lang.invoke.Invokers$Holder.invoke_MT(java.lang.Object, java.lang.Object, java.lang.Object, java.lang.Object, java.lang.Object, java.lang.Object, java.lang.Object, java.lang.Object, java.lang.Object, java.lang.Object, java.lang.Object)'> (0x00000000868ff588) 
thrown [s\open\src\hotspot\share\interpreter\linkResolver.cpp, line 774]
Event: 7.354 Thread 0x0000021dfb8c3300 Exception <a 'java/lang/NoSuchMethodError'{0x0000000086425eb8}: 'java.lang.Object java.lang.invoke.DirectMethodHandle$Holder.newInvokeSpecial(java.lang.Object, java.lang.Object, int, java.lang.Object, java.lang.Object)'> (0x0000000086425eb8) 
thrown [s\open\src\hotspot\share\interpreter\linkResolver.cpp, line 774]
Event: 7.827 Thread 0x0000021d92b13440 Exception <a 'java/lang/NoSuchMethodError'{0x000000008629d930}: 'java.lang.Object java.lang.invoke.DirectMethodHandle$Holder.invokeInterface(java.lang.Object, java.lang.Object, java.lang.Object, java.lang.Object, java.lang.Object, java.lang.Object, java.lang.Object)'> (0x000000008629d930) 
thrown [s\open\src\hotspot\share\interpreter\linkResolver.cpp, line 774]
Event: 33.124 Thread 0x0000021d930add10 Exception <a 'java/lang/NoSuchMethodError'{0x00000000860eba30}: 'java.lang.Object java.lang.invoke.DirectMethodHandle$Holder.invokeSpecial(java.lang.Object, java.lang.Object, java.lang.Object, java.lang.Object, java.lang.Object, long)'> (0x00000000860eba30) 
thrown [s\open\src\hotspot\share\interpreter\linkResolver.cpp, line 774]
Event: 33.124 Thread 0x0000021d930add10 Exception <a 'java/lang/NoSuchMethodError'{0x00000000860ef480}: 'java.lang.Object java.lang.invoke.Invokers$Holder.linkToTargetMethod(java.lang.Object, java.lang.Object, java.lang.Object, long, java.lang.Object)'> (0x00000000860ef480) 
thrown [s\open\src\hotspot\share\interpreter\linkResolver.cpp, line 774]
Event: 33.187 Thread 0x0000021d930add10 Exception <a 'java/lang/NoSuchMethodError'{0x0000000085eb2748}: 'java.lang.Object java.lang.invoke.DirectMethodHandle$Holder.invokeStatic(java.lang.Object, int, int)'> (0x0000000085eb2748) 
thrown [s\open\src\hotspot\share\interpreter\linkResolver.cpp, line 774]
Event: 38.490 Thread 0x0000021d930ae7b0 Exception <a 'java/lang/NoSuchMethodError'{0x00000000852f82a0}: 'void java.lang.invoke.DirectMethodHandle$Holder.invokeSpecialIFC(java.lang.Object, java.lang.Object, int, java.lang.Object, java.lang.Object, java.lang.Object, java.lang.Object)'> (0x00000000852f82a0) 
thrown [s\open\src\hotspot\share\interpreter\linkResolver.cpp, line 774]
Event: 38.541 Thread 0x0000021d930ae7b0 Exception <a 'java/lang/IncompatibleClassChangeError'{0x00000000850f57b8}: Found class java.lang.Object, but interface was expected> (0x00000000850f57b8) 
thrown [s\open\src\hotspot\share\interpreter\linkResolver.cpp, line 841]
Event: 38.566 Thread 0x0000021d930ae7b0 Exception <a 'java/lang/NoSuchMethodError'{0x0000000084fe8878}: 'void java.lang.invoke.Invokers$Holder.invokeExact_MT(java.lang.Object, java.lang.Object, int, java.lang.Object)'> (0x0000000084fe8878) 
thrown [s\open\src\hotspot\share\interpreter\linkResolver.cpp, line 774]

VM Operations (20 events):
Event: 25.372 Executing VM operation: Cleanup done
Event: 27.398 Executing VM operation: Cleanup
Event: 27.398 Executing VM operation: Cleanup done
Event: 31.428 Executing VM operation: Cleanup
Event: 31.428 Executing VM operation: Cleanup done
Event: 33.088 Executing VM operation: HandshakeAllThreads
Event: 33.088 Executing VM operation: HandshakeAllThreads done
Event: 33.145 Executing VM operation: HandshakeAllThreads
Event: 33.145 Executing VM operation: HandshakeAllThreads done
Event: 33.145 Executing VM operation: Cleanup
Event: 33.146 Executing VM operation: Cleanup done
Event: 34.149 Executing VM operation: Cleanup
Event: 34.149 Executing VM operation: Cleanup done
Event: 38.164 Executing VM operation: Cleanup
Event: 38.164 Executing VM operation: Cleanup done
Event: 38.254 Executing VM operation: HandshakeAllThreads
Event: 38.254 Executing VM operation: HandshakeAllThreads done
Event: 38.291 Executing VM operation: HandshakeAllThreads
Event: 38.291 Executing VM operation: HandshakeAllThreads done
Event: 38.684 Executing VM operation: G1CollectForAllocation

Events (20 events):
Event: 7.361 Thread 0x0000021d930ad270 Thread added: 0x0000021d930ad270
Event: 7.361 Thread 0x0000021d930b0240 Thread added: 0x0000021d930b0240
Event: 7.362 Thread 0x0000021d930aed00 Thread added: 0x0000021d930aed00
Event: 7.362 Thread 0x0000021d930ac7d0 Thread added: 0x0000021d930ac7d0
Event: 7.362 Thread 0x0000021d930afcf0 Thread added: 0x0000021d930afcf0
Event: 7.362 Thread 0x0000021d930ac280 Thread added: 0x0000021d930ac280
Event: 7.362 Thread 0x0000021d930b0790 Thread added: 0x0000021d930b0790
Event: 7.371 Thread 0x0000021d930b0ce0 Thread added: 0x0000021d930b0ce0
Event: 7.372 Thread 0x0000021d930b1230 Thread added: 0x0000021d930b1230
Event: 7.388 Thread 0x0000021dfb8c3300 Thread exited: 0x0000021dfb8c3300
Event: 7.388 Thread 0x0000021d930a9800 Thread added: 0x0000021d930a9800
Event: 7.820 Thread 0x0000021d94d09b10 Thread added: 0x0000021d94d09b10
Event: 7.824 Thread 0x0000021d94d09b10 Thread exited: 0x0000021d94d09b10
Event: 7.824 Thread 0x0000021d94d08b20 Thread added: 0x0000021d94d08b20
Event: 7.835 Thread 0x0000021d94d08b20 Thread exited: 0x0000021d94d08b20
Event: 7.835 Thread 0x0000021d94d0a060 Thread added: 0x0000021d94d0a060
Event: 7.841 Thread 0x0000021d94d0a060 Thread exited: 0x0000021d94d0a060
Event: 10.315 Thread 0x0000021d930a9d50 Thread exited: 0x0000021d930a9d50
Event: 13.027 Thread 0x0000021d9208c6f0 Thread exited: 0x0000021d9208c6f0
Event: 15.044 Thread 0x0000021d9208c170 Thread exited: 0x0000021d9208c170


Dynamic libraries:
0x00007ff746690000 - 0x00007ff7466a0000 	C:\Program Files\Java\jdk-19\bin\java.exe
0x00007fff52910000 - 0x00007fff52b08000 	C:\Windows\SYSTEM32\ntdll.dll
0x00007fff52760000 - 0x00007fff52822000 	C:\Windows\System32\KERNEL32.DLL
0x00007fff4ffb0000 - 0x00007fff502af000 	C:\Windows\System32\KERNELBASE.dll
0x00007fff50710000 - 0x00007fff50810000 	C:\Windows\System32\ucrtbase.dll
0x00007fff49310000 - 0x00007fff4932b000 	C:\Program Files\Java\jdk-19\bin\VCRUNTIME140.dll
0x00007fff48d20000 - 0x00007fff48d38000 	C:\Program Files\Java\jdk-19\bin\jli.dll
0x00007fff50cb0000 - 0x00007fff50d5f000 	C:\Windows\System32\ADVAPI32.dll
0x00007fff51060000 - 0x00007fff510fe000 	C:\Windows\System32\msvcrt.dll
0x00007fff52830000 - 0x00007fff528cf000 	C:\Windows\System32\sechost.dll
0x00007fff51110000 - 0x00007fff51233000 	C:\Windows\System32\RPCRT4.dll
0x00007fff50670000 - 0x00007fff50697000 	C:\Windows\System32\bcrypt.dll
0x00007fff3c700000 - 0x00007fff3c99a000 	C:\Windows\WinSxS\amd64_microsoft.windows.common-controls_6595b64144ccf1df_6.0.19041.4355_none_60b8b9eb71f62e16\COMCTL32.dll
0x00007fff50dc0000 - 0x00007fff50f5d000 	C:\Windows\System32\USER32.dll
0x00007fff503b0000 - 0x00007fff503d2000 	C:\Windows\System32\win32u.dll
0x00007fff51450000 - 0x00007fff5147b000 	C:\Windows\System32\GDI32.dll
0x00007fff50810000 - 0x00007fff5092a000 	C:\Windows\System32\gdi32full.dll
0x00007fff505d0000 - 0x00007fff5066d000 	C:\Windows\System32\msvcp_win.dll
0x00007fff46850000 - 0x00007fff4685a000 	C:\Windows\SYSTEM32\VERSION.dll
0x00007fff50bf0000 - 0x00007fff50c1f000 	C:\Windows\System32\IMM32.DLL
0x00007fff4cc30000 - 0x00007fff4cc3c000 	C:\Program Files\Java\jdk-19\bin\vcruntime140_1.dll
0x00007fff3d870000 - 0x00007fff3d8fe000 	C:\Program Files\Java\jdk-19\bin\msvcp140.dll
0x00007fff0c6a0000 - 0x00007fff0d360000 	C:\Program Files\Java\jdk-19\bin\server\jvm.dll
0x00007fff31610000 - 0x00007fff31619000 	C:\Windows\SYSTEM32\WSOCK32.dll
0x00007fff3de20000 - 0x00007fff3de47000 	C:\Windows\SYSTEM32\WINMM.dll
0x00007fff50ff0000 - 0x00007fff5105b000 	C:\Windows\System32\WS2_32.dll
0x00007fff4e790000 - 0x00007fff4e7a2000 	C:\Windows\SYSTEM32\kernel.appcore.dll
0x00007fff48d10000 - 0x00007fff48d1a000 	C:\Program Files\Java\jdk-19\bin\jimage.dll
0x00007fff4e4a0000 - 0x00007fff4e684000 	C:\Windows\SYSTEM32\DBGHELP.DLL
0x00007fff3cc30000 - 0x00007fff3cc64000 	C:\Windows\SYSTEM32\dbgcore.DLL
0x00007fff503e0000 - 0x00007fff50462000 	C:\Windows\System32\bcryptPrimitives.dll
0x00007fff48d00000 - 0x00007fff48d0e000 	C:\Program Files\Java\jdk-19\bin\instrument.dll
0x00007fff48c70000 - 0x00007fff48c96000 	C:\Program Files\Java\jdk-19\bin\java.dll
0x00007fff259a0000 - 0x00007fff25a77000 	C:\Program Files\Java\jdk-19\bin\jsvml.dll
0x00007fff515a0000 - 0x00007fff51d0d000 	C:\Windows\System32\SHELL32.dll
0x00007fff4dc20000 - 0x00007fff4e3c4000 	C:\Windows\SYSTEM32\windows.storage.dll
0x00007fff52400000 - 0x00007fff52755000 	C:\Windows\System32\combase.dll
0x00007fff4f830000 - 0x00007fff4f85b000 	C:\Windows\SYSTEM32\Wldp.dll
0x00007fff50990000 - 0x00007fff50a5d000 	C:\Windows\System32\OLEAUT32.dll
0x00007fff512c0000 - 0x00007fff5136d000 	C:\Windows\System32\SHCORE.dll
0x00007fff51260000 - 0x00007fff512b5000 	C:\Windows\System32\shlwapi.dll
0x00007fff4fee0000 - 0x00007fff4ff05000 	C:\Windows\SYSTEM32\profapi.dll
0x00007fff47d70000 - 0x00007fff47d88000 	C:\Program Files\Java\jdk-19\bin\zip.dll
0x00007fff47120000 - 0x00007fff47133000 	C:\Program Files\Java\jdk-19\bin\net.dll
0x00007fff44a60000 - 0x00007fff44b6a000 	C:\Windows\SYSTEM32\WINHTTP.dll
0x00007fff4f610000 - 0x00007fff4f67c000 	C:\Windows\system32\mswsock.dll
0x00007fff47100000 - 0x00007fff47116000 	C:\Program Files\Java\jdk-19\bin\nio.dll
0x00007fff47080000 - 0x00007fff4709a000 	C:\Program Files\JetBrains\IntelliJ IDEA 2024.3.2\bin\breakgen64.dll
0x00007fff4f350000 - 0x00007fff4f41a000 	C:\Windows\SYSTEM32\DNSAPI.dll
0x00007fff4f310000 - 0x00007fff4f34b000 	C:\Windows\SYSTEM32\IPHLPAPI.DLL
0x00007fff50ca0000 - 0x00007fff50ca8000 	C:\Windows\System32\NSI.dll
0x00007fff46910000 - 0x00007fff4691a000 	C:\Windows\System32\rasadhlp.dll
0x00007fff44720000 - 0x00007fff447a0000 	C:\Windows\System32\fwpuclnt.dll
0x00007fff48cf0000 - 0x00007fff48cf8000 	C:\Program Files\Java\jdk-19\bin\extnet.dll
0x00007fff48c60000 - 0x00007fff48c6a000 	C:\Program Files\Java\jdk-19\bin\management.dll
0x00007fff470f0000 - 0x00007fff470fb000 	C:\Program Files\Java\jdk-19\bin\management_ext.dll
0x00007fff523f0000 - 0x00007fff523f8000 	C:\Windows\System32\PSAPI.DLL
0x00007fff4f870000 - 0x00007fff4f888000 	C:\Windows\SYSTEM32\CRYPTSP.dll
0x00007fff4ef50000 - 0x00007fff4ef88000 	C:\Windows\system32\rsaenh.dll
0x00007fff4fe60000 - 0x00007fff4fe8e000 	C:\Windows\SYSTEM32\USERENV.dll
0x00007fff4f7a0000 - 0x00007fff4f7ac000 	C:\Windows\SYSTEM32\CRYPTBASE.dll
0x00007fff44180000 - 0x00007fff44197000 	C:\Windows\SYSTEM32\dhcpcsvc6.DLL
0x00007fff45390000 - 0x00007fff453ad000 	C:\Windows\SYSTEM32\dhcpcsvc.DLL
0x00007fff328c0000 - 0x00007fff328d7000 	C:\Windows\system32\napinsp.dll
0x00007fff328a0000 - 0x00007fff328bb000 	C:\Windows\system32\pnrpnsp.dll
0x00007fff4a280000 - 0x00007fff4a295000 	C:\Windows\system32\wshbth.dll
0x00007fff4a6b0000 - 0x00007fff4a6cd000 	C:\Windows\system32\NLAapi.dll
0x00007fff32780000 - 0x00007fff32792000 	C:\Windows\System32\winrnr.dll
0x00007fff3d410000 - 0x00007fff3d461000 	C:\Windows\SYSTEM32\pdh.dll
0x00007fff399b0000 - 0x00007fff399bf000 	C:\Windows\System32\perfproc.dll
0x00007fff28880000 - 0x00007fff2888f000 	C:\Windows\System32\perfos.dll
0x00007fff45ce0000 - 0x00007fff45cee000 	C:\Program Files\Java\jdk-19\bin\sunmscapi.dll
0x00007fff50470000 - 0x00007fff505cc000 	C:\Windows\System32\CRYPT32.dll
0x00007fff4f980000 - 0x00007fff4f9a7000 	C:\Windows\SYSTEM32\ncrypt.dll
0x00007fff4f940000 - 0x00007fff4f97b000 	C:\Windows\SYSTEM32\NTASN1.dll
0x00007fff45cd0000 - 0x00007fff45ce0000 	C:\Program Files\Java\jdk-19\bin\verify.dll
0x00007fff45c80000 - 0x00007fff45c87000 	C:\Windows\system32\wshunix.dll

dbghelp: loaded successfully - version: 4.0.5 - missing functions: none
symbol engine: initialized successfully - sym options: 0x614 - pdb path: .;C:\Program Files\Java\jdk-19\bin;C:\Windows\SYSTEM32;C:\Windows\WinSxS\amd64_microsoft.windows.common-controls_6595b64144ccf1df_6.0.19041.4355_none_60b8b9eb71f62e16;C:\Program Files\Java\jdk-19\bin\server;C:\Program Files\JetBrains\IntelliJ IDEA 2024.3.2\bin

VM Arguments:
jvm_args: -XX:TieredStopAtLevel=1 -Dspring.output.ansi.enabled=always -Dcom.sun.management.jmxremote -Dspring.jmx.enabled=true -Dspring.liveBeansView.mbeanDomain -Dspring.application.admin.enabled=true -Dmanagement.endpoints.jmx.exposure.include=* -javaagent:C:\Program Files\JetBrains\IntelliJ IDEA 2024.3.2\lib\idea_rt.jar=11972:C:\Program Files\JetBrains\IntelliJ IDEA 2024.3.2\bin -Dfile.encoding=UTF-8 -Dsun.stdout.encoding=UTF-8 -Dsun.stderr.encoding=UTF-8 
java_command: org.example.securtiy_role_and_jwt_1.SecurtiyRoleAndJwt1Application
java_class_path (initial): G:\spring_projects\securtiy_role_and_jwt_1\target\classes;C:\Users\SHUBHAM\.m2\repository\org\springframework\boot\spring-boot-starter-data-jpa\3.4.3\spring-boot-starter-data-jpa-3.4.3.jar;C:\Users\SHUBHAM\.m2\repository\org\springframework\boot\spring-boot-starter\3.4.3\spring-boot-starter-3.4.3.jar;C:\Users\SHUBHAM\.m2\repository\org\springframework\boot\spring-boot\3.4.3\spring-boot-3.4.3.jar;C:\Users\SHUBHAM\.m2\repository\org\springframework\boot\spring-boot-autoconfigure\3.4.3\spring-boot-autoconfigure-3.4.3.jar;C:\Users\SHUBHAM\.m2\repository\org\springframework\boot\spring-boot-starter-logging\3.4.3\spring-boot-starter-logging-3.4.3.jar;C:\Users\SHUBHAM\.m2\repository\ch\qos\logback\logback-classic\1.5.16\logback-classic-1.5.16.jar;C:\Users\SHUBHAM\.m2\repository\ch\qos\logback\logback-core\1.5.16\logback-core-1.5.16.jar;C:\Users\SHUBHAM\.m2\repository\org\apache\logging\log4j\log4j-to-slf4j\2.24.3\log4j-to-slf4j-2.24.3.jar;C:\Users\SHUBHAM\.m2\repository\org\apache\logging\log4j\log4j-api\2.24.3\log4j-api-2.24.3.jar;C:\Users\SHUBHAM\.m2\repository\org\slf4j\jul-to-slf4j\2.0.16\jul-to-slf4j-2.0.16.jar;C:\Users\SHUBHAM\.m2\repository\jakarta\annotation\jakarta.annotation-api\2.1.1\jakarta.annotation-api-2.1.1.jar;C:\Users\SHUBHAM\.m2\repository\org\yaml\snakeyaml\2.3\snakeyaml-2.3.jar;C:\Users\SHUBHAM\.m2\repository\org\springframework\boot\spring-boot-starter-jdbc\3.4.3\spring-boot-starter-jdbc-3.4.3.jar;C:\Users\SHUBHAM\.m2\repository\com\zaxxer\HikariCP\5.1.0\HikariCP-5.1.0.jar;C:\Users\SHUBHAM\.m2\repository\org\springframework\spring-jdbc\6.2.3\spring-jdbc-6.2.3.jar;C:\Users\SHUBHAM\.m2\repository\org\hibernate\orm\hibernate-core\6.6.8.Final\hibernate-core-6.6.8.Final.jar;C:\Users\SHUBHAM\.m2\repository\jakarta\persistence\jakarta.persistence-api\3.1.0\jakarta.persistence-api-3.1.0.jar;C:\Users\SHUBHAM\.m2\repository\jakarta\transaction\jakarta.transaction-api\2.0.1\jakarta.transaction-api-2.0.1.jar;C:\Users\SHUBHAM\.m2\repository\org\jboss\logging\jboss-logging\3.6.1.Final\jboss-logging-3.6.1.Final.jar;C:\Users\SHUBHAM\.m2\repository\org\hibernate\common\hibernate-commons-annotations\7.0.3.Final\hibernate-commons-annotations-7.0.3.Final.jar;C:\Users\SHUBHAM\.m2\repository\io\smallrye\jandex\3.2.0\jandex-3.2.0.jar;C:\Users\SHUBHAM\.m2\repository\com\fasterxml\classmate\1.7.0\classmate-1.7.0.jar;C:\Users\SHUBHAM\.m2\repository\net\bytebuddy\byte-buddy\1.15.11\byte-buddy-1.15.11.jar;C:\Users\SHUBHAM\.m2\repository\org\glassfish\jaxb\jaxb-runtime\4.0.5\jaxb-runtime-4.0.5.jar;C:\Users\SHUBHAM\.m2\repository\org\glassfish\jaxb\jaxb-core\4.0.5\jaxb-core-4.0.5.jar;C:\Users\SHUBHAM\.m2\repository\org\eclipse\angus\angus-activation\2.0.2\angus-activation-2.0.2.jar;C:\Users\SHUBHAM\.m2\repository\org\glassfish\jaxb\txw2\4.0.5\txw2-4.0.5.jar;C:\Users\SHUBHAM\.m2\repository\com\sun\istack\istack-commons-runtime\4.1.2\istack-commons-runtime-4.1.2.jar;C:\Users\SHUBHAM\.m2\repository\jakarta\inject\jakarta.inject-api\2.0.1\jakarta.inject-api-2.0.1.jar;C:\Users\SHUBHAM\.m2\repository\org\antlr\antlr4-runtime\4.13.0\antlr4-runtime-4.13.0.jar;C:\Users\SHUBHAM\.m2\repository\org\springframework\data\spring-data-jpa\3.4.3\spring-data-jpa-3.4.3.jar;C:\Users\SHUBHAM\.m2\repository\org\springframework\data\spring-data-commons\3.4.3\spring-data-commons-3.4.3.jar;C:\Users\SHUBHAM\.m2\repository\org\springframework\spring-orm\6.2.3\spring-orm-6.2.3.jar;C:\Users\SHUBHAM\.m2\repository\org\springframework\spring-context\6.2.3\spring-context-6.2.3.jar;C:\Users\SHUBHAM\.m2\repository\org\springframework\spring-tx\6.2.3\spring-tx-6.2.3.jar;C:\Users\SHUBHAM\.m2\repository\org\springframework\spring-beans\6.2.3\spring-beans-6.2.3.jar;C:\Users\SHUBHAM\.m2\repository\org\slf4j\slf4j-api\2.0.16\slf4j-api-2.0.16.jar;C:\Users\SHUBHAM\.m2\repository\org\springframework\spring-aspects\6.2.3\spring-aspects-6.2.3.jar;C:\Users\SHUBHAM\.m2\repository\org\aspectj\aspectjweaver\1.9.22.1\aspectjweaver-1.9.22.1.jar;C:\Users\SHUBHAM\.m2\repository\org\springframework\boot\spring-boot-starter-security\3.4.3\spring-boot-starter-security-3.4.3.jar;C:\Users\SHUBHAM\.m2\repository\org\springframework\spring-aop\6.2.3\spring-aop-6.2.3.jar;C:\Users\SHUBHAM\.m2\repository\org\springframework\security\spring-security-config\6.4.3\spring-security-config-6.4.3.jar;C:\Users\SHUBHAM\.m2\repository\org\springframework\security\spring-security-web\6.4.3\spring-security-web-6.4.3.jar;C:\Users\SHUBHAM\.m2\repository\org\springframework\spring-expression\6.2.3\spring-expression-6.2.3.jar;C:\Users\SHUBHAM\.m2\repository\org\springframework\boot\spring-boot-starter-web\3.4.3\spring-boot-starter-web-3.4.3.jar;C:\Users\SHUBHAM\.m2\repository\org\springframework\boot\spring-boot-starter-json\3.4.3\spring-boot-starter-json-3.4.3.jar;C:\Users\SHUBHAM\.m2\repository\com\fasterxml\jackson\datatype\jackson-datatype-jdk8\2.18.2\jackson-datatype-jdk8-2.18.2.jar;C:\Users\SHUBHAM\.m2\repository\com\fasterxml\jackson\datatype\jackson-datatype-jsr310\2.18.2\jackson-datatype-jsr310-2.18.2.jar;C:\Users\SHUBHAM\.m2\repository\com\fasterxml\jackson\module\jackson-module-parameter-names\2.18.2\jackson-module-parameter-names-2.18.2.jar;C:\Users\SHUBHAM\.m2\repository\org\springframework\boot\spring-boot-starter-tomcat\3.4.3\spring-boot-starter-tomcat-3.4.3.jar;C:\Users\SHUBHAM\.m2\repository\org\apache\tomcat\embed\tomcat-embed-core\10.1.36\tomcat-embed-core-10.1.36.jar;C:\Users\SHUBHAM\.m2\repository\org\apache\tomcat\embed\tomcat-embed-el\10.1.36\tomcat-embed-el-10.1.36.jar;C:\Users\SHUBHAM\.m2\repository\org\apache\tomcat\embed\tomcat-embed-websocket\10.1.36\tomcat-embed-websocket-10.1.36.jar;C:\Users\SHUBHAM\.m2\repository\org\springframework\spring-web\6.2.3\spring-web-6.2.3.jar;C:\Users\SHUBHAM\.m2\repository\io\micrometer\micrometer-observation\1.14.4\micrometer-observation-1.14.4.jar;C:\Users\SHUBHAM\.m2\repository\io\micrometer\micrometer-commons\1.14.4\micrometer-commons-1.14.4.jar;C:\Users\SHUBHAM\.m2\repository\org\springframework\spring-webmvc\6.2.3\spring-webmvc-6.2.3.jar;C:\Users\SHUBHAM\.m2\repository\com\mysql\mysql-connector-j\9.1.0\mysql-connector-j-9.1.0.jar;C:\Users\SHUBHAM\.m2\repository\org\projectlombok\lombok\1.18.36\lombok-1.18.36.jar;C:\Users\SHUBHAM\.m2\repository\jakarta\xml\bind\jakarta.xml.bind-api\4.0.2\jakarta.xml.bind-api-4.0.2.jar;C:\Users\SHUBHAM\.m2\repository\jakarta\activation\jakarta.activation-api\2.1.3\jakarta.activation-api-2.1.3.jar;C:\Users\SHUBHAM\.m2\repository\org\springframework\spring-core\6.2.3\spring-core-6.2.3.jar;C:\Users\SHUBHAM\.m2\repository\org\springframework\spring-jcl\6.2.3\spring-jcl-6.2.3.jar;C:\Users\SHUBHAM\.m2\repository\org\springframework\security\spring-security-core\6.4.3\spring-security-core-6.4.3.jar;C:\Users\SHUBHAM\.m2\repository\org\springframework\security\spring-security-crypto\6.4.3\spring-security-crypto-6.4.3.jar;C:\Users\SHUBHAM\.m2\repository\io\jsonwebtoken\jjwt-api\0.11.5\jjwt-api-0.11.5.jar;C:\Users\SHUBHAM\.m2\repository\io\jsonwebtoken\jjwt-impl\0.11.5\jjwt-impl-0.11.5.jar;C:\Users\SHUBHAM\.m2\repository\io\jsonwebtoken\jjwt-jackson\0.11.5\jjwt-jackson-0.11.5.jar;C:\Users\SHUBHAM\.m2\repository\com\fasterxml\jackson\core\jackson-databind\2.18.2\jackson-databind-2.18.2.jar;C:\Users\SHUBHAM\.m2\repository\com\fasterxml\jackson\core\jackson-annotations\2.18.2\jackson-annotations-2.18.2.jar;C:\Users\SHUBHAM\.m2\repository\com\fasterxml\jackson\core\jackson-core\2.18.2\jackson-core-2.18.2.jar
Launcher Type: SUN_STANDARD

[Global flags]
     intx CICompilerCount                          = 3                                         {product} {ergonomic}
     uint ConcGCThreads                            = 1                                         {product} {ergonomic}
     uint G1ConcRefinementThreads                  = 4                                         {product} {ergonomic}
   size_t G1HeapRegionSize                         = 1048576                                   {product} {ergonomic}
    uintx GCDrainStackTargetSize                   = 64                                        {product} {ergonomic}
   size_t InitialHeapSize                          = 132120576                                 {product} {ergonomic}
     bool ManagementServer                         = true                                      {product} {command line}
   size_t MarkStackSize                            = 4194304                                   {product} {ergonomic}
   size_t MaxHeapSize                              = 2113929216                                {product} {ergonomic}
   size_t MaxNewSize                               = 1267728384                                {product} {ergonomic}
   size_t MinHeapDeltaBytes                        = 1048576                                   {product} {ergonomic}
   size_t MinHeapSize                              = 8388608                                   {product} {ergonomic}
    uintx NonProfiledCodeHeapSize                  = 0                                      {pd product} {ergonomic}
     bool ProfileInterpreter                       = false                                  {pd product} {command line}
    uintx ProfiledCodeHeapSize                     = 0                                      {pd product} {ergonomic}
   size_t SoftMaxHeapSize                          = 2113929216                             {manageable} {ergonomic}
     intx TieredStopAtLevel                        = 1                                         {product} {command line}
     bool UseCompressedClassPointers               = true                           {product lp64_product} {ergonomic}
     bool UseCompressedOops                        = true                           {product lp64_product} {ergonomic}
     bool UseG1GC                                  = true                                      {product} {ergonomic}
     bool UseLargePagesIndividualAllocation        = false                                  {pd product} {ergonomic}

Logging:
Log output configuration:
 #0: stdout all=warning uptime,level,tags foldmultilines=false
 #1: stderr all=off uptime,level,tags foldmultilines=false

Environment Variables:
PATH=C:\Python313\Scripts\;C:\Python313\;C:\Python312\Scripts\;C:\Python312\;C:\Program Files\Common Files\Oracle\Java\javapath;C:\Program Files (x86)\VMware\VMware Workstation\bin\;C:\Windows\system32;C:\Windows;C:\Windows\System32\Wbem;C:\Windows\System32\WindowsPowerShell\v1.0\;C:\Windows\System32\OpenSSH\;C:\Program Files (x86)\Intel\Intel(R) Management Engine Components\DAL;C:\Program Files\Intel\Intel(R) Management Engine Components\DAL;C:\Program Files\Java\jdk-19\bin;C:\Program Files\metadata;C:\ProgramData\chocolatey\bin;C:\Program Files\dotnet\;C:\Program Files\Intel\WiFi\bin\;C:\Program Files\Common Files\Intel\WirelessCommon\;C:\Program Files\nodejs\;C:\Program Files\Git\cmd;C:\Users\SHUBHAM\AppData\Local\Microsoft\WindowsApps;C:\Users\SHUBHAM\AppData\Local\Programs\Microsoft VS Code\bin;C:\Program Files\Java\jdk-19\bin;C:\Program Files\JetBrains\PyCharm Community Edition 2022.2\bin;;C:\Windows\System32;C:\Program Files\JetBrains\IntelliJ IDEA 2024.3.2\bin;;C:\Users\SHUBHAM\AppData\Roaming\npm
USERNAME=SHUBHAM
TMPDIR=C:\Users\Public\Documents\Wondershare\CreatorTemp
OS=Windows_NT
PROCESSOR_IDENTIFIER=Intel64 Family 6 Model 142 Stepping 9, GenuineIntel
TMP=C:\Users\SHUBHAM\AppData\Local\Temp
TEMP=C:\Users\SHUBHAM\AppData\Local\Temp



---------------  S Y S T E M  ---------------

OS:
 Windows 10 , 64 bit Build 19041 (10.0.19041.5438)
OS uptime: 0 days 8:14 hours
Hyper-V role detected

CPU: total 4 (initial active 4) (2 cores per cpu, 2 threads per core) family 6 model 142 stepping 9 microcode 0xf0, cx8, cmov, fxsr, ht, mmx, 3dnowpref, sse, sse2, sse3, ssse3, sse4.1, sse4.2, popcnt, lzcnt, tsc, tscinvbit, avx, avx2, aes, erms, clmul, bmi1, bmi2, adx, fma, vzeroupper, clflush, clflushopt, hv, rdtscp

Memory: 4k page, system-wide physical 8057M (311M free)
TotalPageFile size 10105M (AvailPageFile size 39M)
current process WorkingSet (physical memory assigned to process): 234M, peak: 234M
current process commit charge ("private bytes"): 316M, peak: 352M

vm_info: Java HotSpot(TM) 64-Bit Server VM (19.0.2+7-44) for windows-amd64 JRE (19.0.2+7-44), built on 2022-11-30T18:02:09Z by "mach5one" with MS VC++ 17.1 (VS2022)

END.
